2022-04-07 15:10:10 [INFO] Starting minecraft server version 1.5.2
2022-04-07 15:10:10 [INFO] Loading properties
2022-04-07 15:10:10 [INFO] Default game type: SURVIVAL
2022-04-07 15:10:10 [INFO] Generating keypair
2022-04-07 15:10:10 [INFO] Starting Minecraft server on 127.0.0.1:25569
2022-04-07 15:10:10 [INFO] This server is running CraftBukkit version git-Bukkit-1.5.2-R1.0-b2788jnks (MC: 1.5.2) (Implementing API version 1.5.2-R1.0)
2022-04-07 15:10:10 [WARNING] Failed to load operators list: java.io.FileNotFoundException: ./ops.txt (No such file or directory)
2022-04-07 15:10:10 [WARNING] Failed to load white-list: java.io.FileNotFoundException: ./white-list.txt (No such file or directory)
2022-04-07 15:10:10 [WARNING] **** SERVER IS RUNNING IN OFFLINE/INSECURE MODE!
2022-04-07 15:10:10 [WARNING] The server will make no attempt to authenticate usernames. Beware.
2022-04-07 15:10:10 [WARNING] While this makes the game possible to play without internet access, it also opens up the ability for hackers to connect with any username they choose.
2022-04-07 15:10:10 [WARNING] To change this, set "online-mode" to "true" in the server.properties file.
2022-04-07 15:10:10 [INFO] Preparing level "world"
2022-04-07 15:10:10 [INFO] Preparing start region for level 0 (Seed: 2158629189588975425)
2022-04-07 15:10:11 [INFO] Preparing spawn area: 16%
2022-04-07 15:10:12 [INFO] Preparing spawn area: 37%
2022-04-07 15:10:13 [INFO] Preparing spawn area: 58%
2022-04-07 15:10:14 [INFO] Preparing spawn area: 79%
2022-04-07 15:10:15 [INFO] Preparing spawn area: 99%
2022-04-07 15:10:15 [INFO] Preparing start region for level 1 (Seed: 2158629189588975425)
2022-04-07 15:10:16 [INFO] Preparing spawn area: 25%
2022-04-07 15:10:17 [INFO] Preparing spawn area: 58%
2022-04-07 15:10:18 [INFO] Preparing spawn area: 87%
2022-04-07 15:10:19 [INFO] Preparing start region for level 2 (Seed: 2158629189588975425)
2022-04-07 15:10:19 [INFO] Preparing spawn area: 16%
2022-04-07 15:10:20 [INFO] Preparing spawn area: 74%
2022-04-07 15:10:21 [INFO] Server permissions file permissions.yml is empty, ignoring it
2022-04-07 15:10:21 [INFO] Done (10.686s)! For help, type "help" or "?"
2022-04-07 15:10:26 [INFO] /127.0.0.1:42244 lost connection
2022-04-07 15:10:57 [SEVERE] null
java.io.IOException: Input/output error
	at java.base/java.io.FileInputStream.readBytes(Native Method)
	at java.base/java.io.FileInputStream.read(FileInputStream.java:279)
	at java.base/java.io.BufferedInputStream.fill(BufferedInputStream.java:252)
	at java.base/java.io.BufferedInputStream.read(BufferedInputStream.java:271)
	at java.base/java.io.FilterInputStream.read(FilterInputStream.java:83)
	at org.bukkit.craftbukkit.libs.jline.console.ConsoleReader$1.read(ConsoleReader.java:167)
	at org.bukkit.craftbukkit.libs.jline.internal.InputStreamReader.read(InputStreamReader.java:267)
	at org.bukkit.craftbukkit.libs.jline.internal.InputStreamReader.read(InputStreamReader.java:204)
	at org.bukkit.craftbukkit.libs.jline.console.ConsoleReader.readCharacter(ConsoleReader.java:995)
	at org.bukkit.craftbukkit.libs.jline.console.ConsoleReader.readLine(ConsoleReader.java:1167)
	at net.minecraft.server.v1_5_R3.ThreadCommandReader.run(ThreadCommandReader.java:31)
