2022-04-07 15:35:33 [INFO] Starting minecraft server version 1.5.2
2022-04-07 15:35:33 [INFO] Loading properties
2022-04-07 15:35:33 [INFO] Default game type: SURVIVAL
2022-04-07 15:35:33 [INFO] Generating keypair
2022-04-07 15:35:33 [INFO] Starting Minecraft server on 127.0.0.1:25569
2022-04-07 15:35:33 [INFO] This server is running CraftBukkit version git-Bukkit-1.5.2-R1.0-b2788jnks (MC: 1.5.2) (Implementing API version 1.5.2-R1.0)
2022-04-07 15:35:33 [WARNING] Failed to load operators list: java.io.FileNotFoundException: ./ops.txt (No such file or directory)
2022-04-07 15:35:33 [WARNING] Failed to load white-list: java.io.FileNotFoundException: ./white-list.txt (No such file or directory)
2022-04-07 15:35:33 [WARNING] **** SERVER IS RUNNING IN OFFLINE/INSECURE MODE!
2022-04-07 15:35:33 [WARNING] The server will make no attempt to authenticate usernames. Beware.
2022-04-07 15:35:33 [WARNING] While this makes the game possible to play without internet access, it also opens up the ability for hackers to connect with any username they choose.
2022-04-07 15:35:33 [WARNING] To change this, set "online-mode" to "true" in the server.properties file.
2022-04-07 15:35:33 [INFO] Preparing level "world"
2022-04-07 15:35:33 [WARNING] Unable to find spawn biome
2022-04-07 15:35:35 [INFO] Preparing start region for level 0 (Seed: 6179952145159456078)
2022-04-07 15:35:36 [INFO] Preparing spawn area: 28%
2022-04-07 15:35:37 [INFO] Preparing spawn area: 49%
2022-04-07 15:35:38 [INFO] Preparing spawn area: 78%
2022-04-07 15:35:39 [INFO] Preparing start region for level 1 (Seed: 6179952145159456078)
2022-04-07 15:35:39 [INFO] Preparing spawn area: 0%
2022-04-07 15:35:40 [INFO] Preparing spawn area: 29%
2022-04-07 15:35:41 [INFO] Preparing spawn area: 62%
2022-04-07 15:35:42 [INFO] Preparing spawn area: 91%
2022-04-07 15:35:43 [INFO] Preparing start region for level 2 (Seed: 6179952145159456078)
2022-04-07 15:35:43 [INFO] Preparing spawn area: 37%
2022-04-07 15:35:44 [INFO] Preparing spawn area: 95%
2022-04-07 15:35:44 [INFO] Server permissions file permissions.yml is empty, ignoring it
2022-04-07 15:35:44 [INFO] Done (11.263s)! For help, type "help" or "?"
2022-04-07 15:36:04 [WARNING] Could not get information about this CraftBukkit version; perhaps you are running a custom one?: IOException
2022-04-07 15:37:06 [WARNING] Could not get latest artifact information: IOException
2022-04-07 15:37:33 [INFO] /127.0.0.1:42246 lost connection
2022-04-07 15:38:21 [INFO] /127.0.0.1:42248 lost connection
