2022-04-12 14:23:02 [INFO] Starting minecraft server version 1.5.2
2022-04-12 14:23:02 [INFO] Loading properties
2022-04-12 14:23:02 [INFO] Default game type: SURVIVAL
2022-04-12 14:23:02 [INFO] Generating keypair
2022-04-12 14:23:02 [INFO] Starting Minecraft server on *:25569
2022-04-12 14:23:02 [INFO] This server is running CraftBukkit version git-Bukkit-1.5.2-R1.0-b2788jnks (MC: 1.5.2) (Implementing API version 1.5.2-R1.0)
2022-04-12 14:23:02 [WARNING] Failed to load operators list: java.io.FileNotFoundException: ./ops.txt (No such file or directory)
2022-04-12 14:23:02 [WARNING] Failed to load white-list: java.io.FileNotFoundException: ./white-list.txt (No such file or directory)
2022-04-12 14:23:02 [WARNING] **** SERVER IS RUNNING IN OFFLINE/INSECURE MODE!
2022-04-12 14:23:02 [WARNING] The server will make no attempt to authenticate usernames. Beware.
2022-04-12 14:23:02 [WARNING] While this makes the game possible to play without internet access, it also opens up the ability for hackers to connect with any username they choose.
2022-04-12 14:23:02 [WARNING] To change this, set "online-mode" to "true" in the server.properties file.
2022-04-12 14:23:02 [INFO] Preparing level "world"
2022-04-12 14:23:02 [WARNING] Unable to find spawn biome
2022-04-12 14:23:02 [INFO] Preparing start region for level 0 (Seed: -7541321750318125986)
2022-04-12 14:23:03 [INFO] Preparing spawn area: 33%
2022-04-12 14:23:15 [INFO] Starting minecraft server version 1.5.2
2022-04-12 14:23:15 [INFO] Loading properties
2022-04-12 14:23:15 [INFO] Default game type: SURVIVAL
2022-04-12 14:23:15 [INFO] Generating keypair
2022-04-12 14:23:15 [INFO] Starting Minecraft server on *:25569
2022-04-12 14:23:15 [INFO] This server is running CraftBukkit version git-Bukkit-1.5.2-R1.0-b2788jnks (MC: 1.5.2) (Implementing API version 1.5.2-R1.0)
2022-04-12 14:23:15 [WARNING] **** SERVER IS RUNNING IN OFFLINE/INSECURE MODE!
2022-04-12 14:23:15 [WARNING] The server will make no attempt to authenticate usernames. Beware.
2022-04-12 14:23:15 [WARNING] While this makes the game possible to play without internet access, it also opens up the ability for hackers to connect with any username they choose.
2022-04-12 14:23:15 [WARNING] To change this, set "online-mode" to "true" in the server.properties file.
2022-04-12 14:23:15 [INFO] Preparing level "world"
2022-04-12 14:23:15 [INFO] Preparing start region for level 0 (Seed: -7541321750318125986)
2022-04-12 14:23:16 [INFO] Preparing spawn area: 29%
2022-04-12 14:23:17 [INFO] Preparing spawn area: 70%
2022-04-12 14:23:18 [INFO] Preparing start region for level 1 (Seed: -7925597555257356527)
2022-04-12 14:23:18 [INFO] Preparing spawn area: 8%
2022-04-12 14:23:19 [INFO] Preparing spawn area: 62%
2022-04-12 14:23:20 [INFO] Preparing start region for level 2 (Seed: -7925597555257356527)
2022-04-12 14:23:20 [INFO] Preparing spawn area: 16%
2022-04-12 14:23:21 [INFO] Done (5.957s)! For help, type "help" or "?"
